[ 2026-03-30 01:34:26,900 ] 97 werkzeug - INFO - [31m[1mWARNING: This is a development server. Do not use it in a production deployment. Use a production WSGI server instead.[0m
 * Running on http://127.0.0.1:5000
[ 2026-03-30 01:34:26,900 ] 97 werkzeug - INFO - [33mPress CTRL+C to quit[0m
[ 2026-03-30 01:34:29,759 ] 875 app - ERROR - Exception on /predictdata [POST]
Traceback (most recent call last):
  File "C:\Users\roshn\OneDrive\Documents\AI_ML_Projects\ML_Projects\src\utils.py", line 58, in load_object
    with open(file_path, "rb") as file_obj:
FileNotFoundError: [Errno 2] No such file or directory: 'artifacts\\model.pkl'

During handling of the above exception, another exception occurred:

Traceback (most recent call last):
  File "C:\Users\roshn\OneDrive\Documents\AI_ML_Projects\ML_Projects\src\pipeline\predict_pipeline.py", line 17, in predict
    model=load_object(file_path=model_path)
  File "C:\Users\roshn\OneDrive\Documents\AI_ML_Projects\ML_Projects\src\utils.py", line 62, in load_object
    raise CustomException(e, sys)
src.exception.CustomException: Error occured in python script name [C:\Users\roshn\OneDrive\Documents\AI_ML_Projects\ML_Projects\src\utils.py] line number [58] error message[[Errno 2] No such file or directory: 'artifacts\\model.pkl']

During handling of the above exception, another exception occurred:

Traceback (most recent call last):
  File "C:\Users\roshn\anaconda3\envs\ml_env\lib\site-packages\flask\app.py", line 1511, in wsgi_app
    response = self.full_dispatch_request()
  File "C:\Users\roshn\anaconda3\envs\ml_env\lib\site-packages\flask\app.py", line 919, in full_dispatch_request
    rv = self.handle_user_exception(e)
  File "C:\Users\roshn\anaconda3\envs\ml_env\lib\site-packages\flask\app.py", line 917, in full_dispatch_request
    rv = self.dispatch_request()
  File "C:\Users\roshn\anaconda3\envs\ml_env\lib\site-packages\flask\app.py", line 902, in dispatch_request
    return self.ensure_sync(self.view_functions[rule.endpoint])(**view_args)  # type: ignore[no-any-return]
  File "C:\Users\roshn\OneDrive\Documents\AI_ML_Projects\ML_Projects\app.py", line 39, in predict_datapoint
    results=predict_pipeline.predict(pred_df)
  File "C:\Users\roshn\OneDrive\Documents\AI_ML_Projects\ML_Projects\src\pipeline\predict_pipeline.py", line 25, in predict
    raise CustomException(e,sys)
src.exception.CustomException: Error occured in python script name [C:\Users\roshn\OneDrive\Documents\AI_ML_Projects\ML_Projects\src\pipeline\predict_pipeline.py] line number [17] error message[Error occured in python script name [C:\Users\roshn\OneDrive\Documents\AI_ML_Projects\ML_Projects\src\utils.py] line number [58] error message[[Errno 2] No such file or directory: 'artifacts\\model.pkl']]
[ 2026-03-30 01:34:29,767 ] 97 werkzeug - INFO - 127.0.0.1 - - [30/Mar/2026 01:34:29] "[35m[1mPOST /predictdata HTTP/1.1[0m" 500 -
[ 2026-03-30 01:34:33,894 ] 97 werkzeug - INFO - 127.0.0.1 - - [30/Mar/2026 01:34:33] "GET /predictdata HTTP/1.1" 200 -
[ 2026-03-30 01:34:59,427 ] 875 app - ERROR - Exception on /predictdata [POST]
Traceback (most recent call last):
  File "C:\Users\roshn\OneDrive\Documents\AI_ML_Projects\ML_Projects\src\utils.py", line 58, in load_object
    with open(file_path, "rb") as file_obj:
FileNotFoundError: [Errno 2] No such file or directory: 'artifacts\\model.pkl'

During handling of the above exception, another exception occurred:

Traceback (most recent call last):
  File "C:\Users\roshn\OneDrive\Documents\AI_ML_Projects\ML_Projects\src\pipeline\predict_pipeline.py", line 17, in predict
    model=load_object(file_path=model_path)
  File "C:\Users\roshn\OneDrive\Documents\AI_ML_Projects\ML_Projects\src\utils.py", line 62, in load_object
    raise CustomException(e, sys)
src.exception.CustomException: Error occured in python script name [C:\Users\roshn\OneDrive\Documents\AI_ML_Projects\ML_Projects\src\utils.py] line number [58] error message[[Errno 2] No such file or directory: 'artifacts\\model.pkl']

During handling of the above exception, another exception occurred:

Traceback (most recent call last):
  File "C:\Users\roshn\anaconda3\envs\ml_env\lib\site-packages\flask\app.py", line 1511, in wsgi_app
    response = self.full_dispatch_request()
  File "C:\Users\roshn\anaconda3\envs\ml_env\lib\site-packages\flask\app.py", line 919, in full_dispatch_request
    rv = self.handle_user_exception(e)
  File "C:\Users\roshn\anaconda3\envs\ml_env\lib\site-packages\flask\app.py", line 917, in full_dispatch_request
    rv = self.dispatch_request()
  File "C:\Users\roshn\anaconda3\envs\ml_env\lib\site-packages\flask\app.py", line 902, in dispatch_request
    return self.ensure_sync(self.view_functions[rule.endpoint])(**view_args)  # type: ignore[no-any-return]
  File "C:\Users\roshn\OneDrive\Documents\AI_ML_Projects\ML_Projects\app.py", line 39, in predict_datapoint
    results=predict_pipeline.predict(pred_df)
  File "C:\Users\roshn\OneDrive\Documents\AI_ML_Projects\ML_Projects\src\pipeline\predict_pipeline.py", line 25, in predict
    raise CustomException(e,sys)
src.exception.CustomException: Error occured in python script name [C:\Users\roshn\OneDrive\Documents\AI_ML_Projects\ML_Projects\src\pipeline\predict_pipeline.py] line number [17] error message[Error occured in python script name [C:\Users\roshn\OneDrive\Documents\AI_ML_Projects\ML_Projects\src\utils.py] line number [58] error message[[Errno 2] No such file or directory: 'artifacts\\model.pkl']]
[ 2026-03-30 01:34:59,431 ] 97 werkzeug - INFO - 127.0.0.1 - - [30/Mar/2026 01:34:59] "[35m[1mPOST /predictdata HTTP/1.1[0m" 500 -
