[ 2026-03-30 01:15:20,641 ] 97 werkzeug - INFO - [31m[1mWARNING: This is a development server. Do not use it in a production deployment. Use a production WSGI server instead.[0m
 * Running on http://127.0.0.1:5000
[ 2026-03-30 01:15:20,641 ] 97 werkzeug - INFO - [33mPress CTRL+C to quit[0m
[ 2026-03-30 01:17:00,675 ] 97 werkzeug - INFO - 127.0.0.1 - - [30/Mar/2026 01:17:00] "GET / HTTP/1.1" 200 -
[ 2026-03-30 01:17:00,801 ] 97 werkzeug - INFO - 127.0.0.1 - - [30/Mar/2026 01:17:00] "[33mGET /favicon.ico HTTP/1.1[0m" 404 -
[ 2026-03-30 01:17:52,928 ] 97 werkzeug - INFO - 127.0.0.1 - - [30/Mar/2026 01:17:52] "GET /predictdata HTTP/1.1" 200 -
[ 2026-03-30 01:18:16,046 ] 875 app - ERROR - Exception on /predictdata [POST]
Traceback (most recent call last):
  File "C:\Users\roshn\OneDrive\Documents\AI_ML_Projects\ML_Projects\src\pipeline\predict_pipeline.py", line 13, in predict
    model_path=os.path.join("artifacts","model.pkl")
NameError: name 'os' is not defined

During handling of the above exception, another exception occurred:

Traceback (most recent call last):
  File "C:\Users\roshn\anaconda3\envs\ml_env\lib\site-packages\flask\app.py", line 1511, in wsgi_app
    response = self.full_dispatch_request()
  File "C:\Users\roshn\anaconda3\envs\ml_env\lib\site-packages\flask\app.py", line 919, in full_dispatch_request
    rv = self.handle_user_exception(e)
  File "C:\Users\roshn\anaconda3\envs\ml_env\lib\site-packages\flask\app.py", line 917, in full_dispatch_request
    rv = self.dispatch_request()
  File "C:\Users\roshn\anaconda3\envs\ml_env\lib\site-packages\flask\app.py", line 902, in dispatch_request
    return self.ensure_sync(self.view_functions[rule.endpoint])(**view_args)  # type: ignore[no-any-return]
  File "C:\Users\roshn\OneDrive\Documents\AI_ML_Projects\ML_Projects\app.py", line 39, in predict_datapoint
    results=predict_pipeline.predict(pred_df)
  File "C:\Users\roshn\OneDrive\Documents\AI_ML_Projects\ML_Projects\src\pipeline\predict_pipeline.py", line 24, in predict
    raise CustomException(e,sys)
src.exception.CustomException: Error occured in python script name [C:\Users\roshn\OneDrive\Documents\AI_ML_Projects\ML_Projects\src\pipeline\predict_pipeline.py] line number [13] error message[name 'os' is not defined]
[ 2026-03-30 01:18:16,069 ] 97 werkzeug - INFO - 127.0.0.1 - - [30/Mar/2026 01:18:16] "[35m[1mPOST /predictdata HTTP/1.1[0m" 500 -
[ 2026-03-30 01:18:28,934 ] 875 app - ERROR - Exception on /predictdata [POST]
Traceback (most recent call last):
  File "C:\Users\roshn\OneDrive\Documents\AI_ML_Projects\ML_Projects\src\pipeline\predict_pipeline.py", line 13, in predict
    model_path=os.path.join("artifacts","model.pkl")
NameError: name 'os' is not defined

During handling of the above exception, another exception occurred:

Traceback (most recent call last):
  File "C:\Users\roshn\anaconda3\envs\ml_env\lib\site-packages\flask\app.py", line 1511, in wsgi_app
    response = self.full_dispatch_request()
  File "C:\Users\roshn\anaconda3\envs\ml_env\lib\site-packages\flask\app.py", line 919, in full_dispatch_request
    rv = self.handle_user_exception(e)
  File "C:\Users\roshn\anaconda3\envs\ml_env\lib\site-packages\flask\app.py", line 917, in full_dispatch_request
    rv = self.dispatch_request()
  File "C:\Users\roshn\anaconda3\envs\ml_env\lib\site-packages\flask\app.py", line 902, in dispatch_request
    return self.ensure_sync(self.view_functions[rule.endpoint])(**view_args)  # type: ignore[no-any-return]
  File "C:\Users\roshn\OneDrive\Documents\AI_ML_Projects\ML_Projects\app.py", line 39, in predict_datapoint
    results=predict_pipeline.predict(pred_df)
  File "C:\Users\roshn\OneDrive\Documents\AI_ML_Projects\ML_Projects\src\pipeline\predict_pipeline.py", line 24, in predict
    raise CustomException(e,sys)
src.exception.CustomException: Error occured in python script name [C:\Users\roshn\OneDrive\Documents\AI_ML_Projects\ML_Projects\src\pipeline\predict_pipeline.py] line number [13] error message[name 'os' is not defined]
[ 2026-03-30 01:18:28,936 ] 97 werkzeug - INFO - 127.0.0.1 - - [30/Mar/2026 01:18:28] "[35m[1mPOST /predictdata HTTP/1.1[0m" 500 -
[ 2026-03-30 01:19:14,273 ] 875 app - ERROR - Exception on /predictdata [POST]
Traceback (most recent call last):
  File "C:\Users\roshn\OneDrive\Documents\AI_ML_Projects\ML_Projects\src\pipeline\predict_pipeline.py", line 13, in predict
    model_path=os.path.join("artifacts","model.pkl")
NameError: name 'os' is not defined

During handling of the above exception, another exception occurred:

Traceback (most recent call last):
  File "C:\Users\roshn\anaconda3\envs\ml_env\lib\site-packages\flask\app.py", line 1511, in wsgi_app
    response = self.full_dispatch_request()
  File "C:\Users\roshn\anaconda3\envs\ml_env\lib\site-packages\flask\app.py", line 919, in full_dispatch_request
    rv = self.handle_user_exception(e)
  File "C:\Users\roshn\anaconda3\envs\ml_env\lib\site-packages\flask\app.py", line 917, in full_dispatch_request
    rv = self.dispatch_request()
  File "C:\Users\roshn\anaconda3\envs\ml_env\lib\site-packages\flask\app.py", line 902, in dispatch_request
    return self.ensure_sync(self.view_functions[rule.endpoint])(**view_args)  # type: ignore[no-any-return]
  File "C:\Users\roshn\OneDrive\Documents\AI_ML_Projects\ML_Projects\app.py", line 39, in predict_datapoint
    results=predict_pipeline.predict(pred_df)
  File "C:\Users\roshn\OneDrive\Documents\AI_ML_Projects\ML_Projects\src\pipeline\predict_pipeline.py", line 24, in predict
    raise CustomException(e,sys)
src.exception.CustomException: Error occured in python script name [C:\Users\roshn\OneDrive\Documents\AI_ML_Projects\ML_Projects\src\pipeline\predict_pipeline.py] line number [13] error message[name 'os' is not defined]
[ 2026-03-30 01:19:14,275 ] 97 werkzeug - INFO - 127.0.0.1 - - [30/Mar/2026 01:19:14] "[35m[1mPOST /predictdata HTTP/1.1[0m" 500 -
[ 2026-03-30 01:19:37,746 ] 875 app - ERROR - Exception on /predictdata [POST]
Traceback (most recent call last):
  File "C:\Users\roshn\OneDrive\Documents\AI_ML_Projects\ML_Projects\src\pipeline\predict_pipeline.py", line 13, in predict
    model_path=os.path.join("artifacts","model.pkl")
NameError: name 'os' is not defined

During handling of the above exception, another exception occurred:

Traceback (most recent call last):
  File "C:\Users\roshn\anaconda3\envs\ml_env\lib\site-packages\flask\app.py", line 1511, in wsgi_app
    response = self.full_dispatch_request()
  File "C:\Users\roshn\anaconda3\envs\ml_env\lib\site-packages\flask\app.py", line 919, in full_dispatch_request
    rv = self.handle_user_exception(e)
  File "C:\Users\roshn\anaconda3\envs\ml_env\lib\site-packages\flask\app.py", line 917, in full_dispatch_request
    rv = self.dispatch_request()
  File "C:\Users\roshn\anaconda3\envs\ml_env\lib\site-packages\flask\app.py", line 902, in dispatch_request
    return self.ensure_sync(self.view_functions[rule.endpoint])(**view_args)  # type: ignore[no-any-return]
  File "C:\Users\roshn\OneDrive\Documents\AI_ML_Projects\ML_Projects\app.py", line 39, in predict_datapoint
    results=predict_pipeline.predict(pred_df)
  File "C:\Users\roshn\OneDrive\Documents\AI_ML_Projects\ML_Projects\src\pipeline\predict_pipeline.py", line 24, in predict
    raise CustomException(e,sys)
src.exception.CustomException: Error occured in python script name [C:\Users\roshn\OneDrive\Documents\AI_ML_Projects\ML_Projects\src\pipeline\predict_pipeline.py] line number [13] error message[name 'os' is not defined]
[ 2026-03-30 01:19:37,746 ] 97 werkzeug - INFO - 127.0.0.1 - - [30/Mar/2026 01:19:37] "[35m[1mPOST /predictdata HTTP/1.1[0m" 500 -
